2026-06-09 21:37:59.592 [restartedMain] INFO  com.shanzhu.tourism.BackendApplication - Starting BackendApplication using Java 1.8.0_462 on Vincent with PID 12740 (E:\exam\旅游系统新\tourism-backend\target\classes started by 27871 in E:\exam\旅游系统新\tourism-backend)
2026-06-09 21:37:59.596 [restartedMain] INFO  com.shanzhu.tourism.BackendApplication - The following profiles are active: dev
2026-06-09 21:37:59.647 [restartedMain] INFO  o.s.b.d.env.DevToolsPropertyDefaultsPostProcessor - Devtools property defaults active! Set 'spring.devtools.add-properties' to 'false' to disable
2026-06-09 21:37:59.647 [restartedMain] INFO  o.s.b.d.env.DevToolsPropertyDefaultsPostProcessor - For additional web related logging consider setting the 'logging.level.web' property to 'DEBUG'
2026-06-09 21:38:00.184 [restartedMain] INFO  o.s.d.r.config.RepositoryConfigurationDelegate - Multiple Spring Data modules found, entering strict repository configuration mode!
2026-06-09 21:38:00.186 [restartedMain] INFO  o.s.d.r.config.RepositoryConfigurationDelegate - Bootstrapping Spring Data Redis repositories in DEFAULT mode.
2026-06-09 21:38:00.208 [restartedMain] INFO  o.s.d.r.config.RepositoryConfigurationDelegate - Finished Spring Data repository scanning in 13 ms. Found 0 Redis repository interfaces.
2026-06-09 21:38:00.679 [restartedMain] INFO  o.s.boot.web.embedded.tomcat.TomcatWebServer - Tomcat initialized with port(s): 8080 (http)
2026-06-09 21:38:00.685 [restartedMain] INFO  org.apache.coyote.http11.Http11NioProtocol - Initializing ProtocolHandler ["http-nio-8080"]
2026-06-09 21:38:00.685 [restartedMain] INFO  org.apache.catalina.core.StandardService - Starting service [Tomcat]
2026-06-09 21:38:00.685 [restartedMain] INFO  org.apache.catalina.core.StandardEngine - Starting Servlet engine: [Apache Tomcat/9.0.41]
2026-06-09 21:38:00.762 [restartedMain] INFO  o.a.c.core.ContainerBase.[Tomcat].[localhost].[/] - Initializing Spring embedded WebApplicationContext
2026-06-09 21:38:00.763 [restartedMain] INFO  o.s.b.w.s.c.ServletWebServerApplicationContext - Root WebApplicationContext: initialization completed in 1115 ms
2026-06-09 21:38:01.013 [restartedMain] INFO  c.a.d.s.b.a.DruidDataSourceAutoConfigure - Init DruidDataSource
2026-06-09 21:38:01.437 [restartedMain] INFO  com.alibaba.druid.pool.DruidDataSource - {dataSource-1} inited
2026-06-09 21:38:02.325 [restartedMain] INFO  o.s.scheduling.concurrent.ThreadPoolTaskExecutor - Initializing ExecutorService 'applicationTaskExecutor'
2026-06-09 21:38:02.481 [restartedMain] INFO  o.s.b.d.autoconfigure.OptionalLiveReloadServer - LiveReload server is running on port 35729
2026-06-09 21:38:02.502 [restartedMain] INFO  org.apache.coyote.http11.Http11NioProtocol - Starting ProtocolHandler ["http-nio-8080"]
2026-06-09 21:38:02.523 [restartedMain] INFO  o.s.boot.web.embedded.tomcat.TomcatWebServer - Tomcat started on port(s): 8080 (http) with context path ''
2026-06-09 21:38:02.529 [restartedMain] INFO  com.shanzhu.tourism.BackendApplication - Started BackendApplication in 3.325 seconds (JVM running for 4.375)
2026-06-09 21:38:02.531 [restartedMain] INFO  com.shanzhu.tourism.BackendApplication - =====================项目后端启动成功============================
2026-06-09 21:38:53.800 [http-nio-8080-exec-1] INFO  o.a.c.core.ContainerBase.[Tomcat].[localhost].[/] - Initializing Spring DispatcherServlet 'dispatcherServlet'
2026-06-09 21:38:53.800 [http-nio-8080-exec-1] INFO  org.springframework.web.servlet.DispatcherServlet - Initializing Servlet 'dispatcherServlet'
2026-06-09 21:38:53.801 [http-nio-8080-exec-1] INFO  org.springframework.web.servlet.DispatcherServlet - Completed initialization in 1 ms
2026-06-09 21:41:47.820 [http-nio-8080-exec-92] INFO  com.shanzhu.tourism.handle.MyMetaObjectHandler - 公共字段自动填充[update]...
2026-06-09 21:41:47.844 [http-nio-8080-exec-92] INFO  com.shanzhu.tourism.handle.MyMetaObjectHandler - 公共字段自动填充[insert]...
2026-06-09 22:19:57.056 [SpringContextShutdownHook] INFO  o.s.scheduling.concurrent.ThreadPoolTaskExecutor - Shutting down ExecutorService 'applicationTaskExecutor'
2026-06-09 22:19:57.059 [SpringContextShutdownHook] INFO  com.alibaba.druid.pool.DruidDataSource - {dataSource-1} closing ...
2026-06-09 22:19:57.059 [SpringContextShutdownHook] INFO  com.alibaba.druid.pool.DruidDataSource - {dataSource-1} closed
